warning: source ..\src\dump\dump.h is not a readable file or directory... skipping.
E:/Project/durkMD/src/input/iniparser/dictionary.c:327: warning: argument 'f' of command @param is not found in the argument list of dictionary_dump(dictionary *d, FILE *out)
E:/Project/durkMD/src/input/iniparser/dictionary.c:337: warning: The following parameters of dictionary_dump(dictionary *d, FILE *out) are not documented:
  parameter 'out'
E:/Project/durkMD/src/input/iniparser/dictionary.h:153: warning: argument 'f' of command @param is not found in the argument list of dictionary_dump(dictionary *d, FILE *out)
E:/Project/durkMD/src/input/iniparser/dictionary.h:163: warning: The following parameters of dictionary_dump(dictionary *d, FILE *out) are not documented:
  parameter 'out'
E:/Project/durkMD/main.c:64: warning: argument '1' of command @param is not found in the argument list of main(int argc, char *argv[])
E:/Project/durkMD/main.c:66: warning: The following parameters of main(int argc, char *argv[]) are not documented:
  parameter 'argc'
E:/Project/durkMD/src/pair/pair.h:73: warning: argument 'key' of command @param is not found in the argument list of pair_init(t_key *k, t_pair *p)
E:/Project/durkMD/src/pair/pair.c:65: warning: The following parameters of pair_init(t_key *k, t_pair *p) are not documented:
  parameter 'k'
E:/Project/durkMD/src/pair/pair.h:73: warning: argument 'key' of command @param is not found in the argument list of pair_init(t_key *k, t_pair *p)
E:/Project/durkMD/src/pair/pair.h:81: warning: The following parameters of pair_init(t_key *k, t_pair *p) are not documented:
  parameter 'k'
E:/Project/durkMD/main.c:39: warning: found subsection command outside of section context!
E:/Project/durkMD/main.c:40: warning: found subsection command outside of section context!
E:/Project/durkMD/main.c:56: warning: found subsection command outside of section context!
error: Problems running dot: exit code=-1, command='dot', arguments='"E:/Project/durkMD/doxygen/latex/advance_8c_ae5b7fcb9c9339525ee277052d6c20ce4_cgraph.dot" -Tpdf -o "E:/Project/durkMD/doxygen/latex/advance_8c_ae5b7fcb9c9339525ee277052d6c20ce4_cgraph.pdf"'
error: Problems running dot: exit code=-1, command='dot', arguments='"E:/Project/durkMD/doxygen/html/advance_8h__incl.dot" -Tpng -o "E:/Project/durkMD/doxygen/html/advance_8h__incl.png"'
error: Problems running dot: exit code=-1, command='dot', arguments='"E:/Project/durkMD/doxygen/html/advance_8c_ae5b7fcb9c9339525ee277052d6c20ce4_cgraph.dot" -Tpng -o "E:/Project/durkMD/doxygen/html/advance_8c_ae5b7fcb9c9339525ee277052d6c20ce4_cgraph.png"'
error: Problems running dot: exit code=-1, command='dot', arguments='"E:/Project/durkMD/doxygen/latex/advance_8c__incl.dot" -Tpdf -o "E:/Project/durkMD/doxygen/latex/advance_8c__incl.pdf"'
error: Problems running dot: exit code=-1, command='dot', arguments='"E:/Project/durkMD/doxygen/latex/advance_8h_ae5b7fcb9c9339525ee277052d6c20ce4_cgraph.dot" -Tpdf -o "E:/Project/durkMD/doxygen/latex/advance_8h_ae5b7fcb9c9339525ee277052d6c20ce4_cgraph.pdf"'
error: Problems running dot: exit code=-1, command='dot', arguments='"E:/Project/durkMD/doxygen/html/compute_8c__incl.dot" -Tpng -o "E:/Project/durkMD/doxygen/html/compute_8c__incl.png"'
error: Problems running dot: exit code=-1, command='dot', arguments='"E:/Project/durkMD/doxygen/html/advance_8h_ae5b7fcb9c9339525ee277052d6c20ce4_cgraph.dot" -Tpng -o "E:/Project/durkMD/doxygen/html/advance_8h_ae5b7fcb9c9339525ee277052d6c20ce4_cgraph.png"'
error: Problems running dot: exit code=-1, command='dot', arguments='"E:/Project/durkMD/doxygen/html/advance_8c__incl.dot" -Tpng -o "E:/Project/durkMD/doxygen/html/advance_8c__incl.png"'
error: Problems running dot: exit code=-1, command='dot', arguments='"E:/Project/durkMD/doxygen/latex/compute_8c__incl.dot" -Tpdf -o "E:/Project/durkMD/doxygen/latex/compute_8c__incl.pdf"'
error: Problems running dot: exit code=-1, command='dot', arguments='"E:/Project/durkMD/doxygen/html/compute_8c_af04af5fb54be926dfdecaa8c846f7800_cgraph.dot" -Tpng -o "E:/Project/durkMD/doxygen/html/compute_8c_af04af5fb54be926dfdecaa8c846f7800_cgraph.png"'
error: Problems running dot: exit code=-1, command='dot', arguments='"E:/Project/durkMD/doxygen/latex/compute_8c_af04af5fb54be926dfdecaa8c846f7800_cgraph.dot" -Tpdf -o "E:/Project/durkMD/doxygen/latex/compute_8c_af04af5fb54be926dfdecaa8c846f7800_cgraph.pdf"'
error: Problems running dot: exit code=-1, command='dot', arguments='"E:/Project/durkMD/doxygen/latex/compute_8h__incl.dot" -Tpdf -o "E:/Project/durkMD/doxygen/latex/compute_8h__incl.pdf"'
error: Problems running dot: exit code=-1, command='dot', arguments='"E:/Project/durkMD/doxygen/latex/advance_8h__incl.dot" -Tpdf -o "E:/Project/durkMD/doxygen/latex/advance_8h__incl.pdf"'
error: Problems running dot: exit code=-1, command='dot', arguments='"E:/Project/durkMD/doxygen/html/compute_8h__incl.dot" -Tpng -o "E:/Project/durkMD/doxygen/html/compute_8h__incl.png"'
error: Problems running dot: exit code=-1, command='dot', arguments='"E:/Project/durkMD/doxygen/latex/compute_8h__dep__incl.dot" -Tpdf -o "E:/Project/durkMD/doxygen/latex/compute_8h__dep__incl.pdf"'
error: Problems running dot: exit code=-1, command='dot', arguments='"E:/Project/durkMD/doxygen/html/compute_8h_af04af5fb54be926dfdecaa8c846f7800_cgraph.dot" -Tpng -o "E:/Project/durkMD/doxygen/html/compute_8h_af04af5fb54be926dfdecaa8c846f7800_cgraph.png"'
error: Problems running dot: exit code=-1, command='dot', arguments='"E:/Project/durkMD/doxygen/latex/compute_8h_af04af5fb54be926dfdecaa8c846f7800_cgraph.dot" -Tpdf -o "E:/Project/durkMD/doxygen/latex/compute_8h_af04af5fb54be926dfdecaa8c846f7800_cgraph.pdf"'
error: Problems running dot: exit code=-1, command='dot', arguments='"E:/Project/durkMD/doxygen/html/compute_8h__dep__incl.dot" -Tpng -o "E:/Project/durkMD/doxygen/html/compute_8h__dep__incl.png"'
error: Problems running dot: exit code=-1, command='dot', arguments='"E:/Project/durkMD/doxygen/latex/dictionary_8h__dep__incl.dot" -Tpdf -o "E:/Project/durkMD/doxygen/latex/dictionary_8h__dep__incl.pdf"'
error: Problems running dot: exit code=-1, command='dot', arguments='"E:/Project/durkMD/doxygen/html/dump_8c_ac5a9d21fe628ec962ea287659d69701c_cgraph.dot" -Tpng -o "E:/Project/durkMD/doxygen/html/dump_8c_ac5a9d21fe628ec962ea287659d69701c_cgraph.png"'
error: Problems running dot: exit code=-1, command='dot', arguments='"E:/Project/durkMD/doxygen/latex/dump_8c_ac5a9d21fe628ec962ea287659d69701c_cgraph.dot" -Tpdf -o "E:/Project/durkMD/doxygen/latex/dump_8c_ac5a9d21fe628ec962ea287659d69701c_cgraph.pdf"'
error: Problems running dot: exit code=-1, command='dot', arguments='"E:/Project/durkMD/doxygen/html/dictionary_8h__dep__incl.dot" -Tpng -o "E:/Project/durkMD/doxygen/html/dictionary_8h__dep__incl.png"'
error: Problems running dot: exit code=-1, command='dot', arguments='"E:/Project/durkMD/doxygen/html/dump_8h_ac5a9d21fe628ec962ea287659d69701c_cgraph.dot" -Tpng -o "E:/Project/durkMD/doxygen/html/dump_8h_ac5a9d21fe628ec962ea287659d69701c_cgraph.png"'
error: Problems running dot: exit code=-1, command='dot', arguments='"E:/Project/durkMD/doxygen/latex/dump_8h__dep__incl.dot" -Tpdf -o "E:/Project/durkMD/doxygen/latex/dump_8h__dep__incl.pdf"'
error: Problems running dot: exit code=-1, command='dot', arguments='"E:/Project/durkMD/doxygen/html/fix_8c__incl.dot" -Tpng -o "E:/Project/durkMD/doxygen/html/fix_8c__incl.png"'
error: Problems running dot: exit code=-1, command='dot', arguments='"E:/Project/durkMD/doxygen/html/fix_8c_a6c56919498b51f760e7d9a74c3590fdd_cgraph.dot" -Tpng -o "E:/Project/durkMD/doxygen/html/fix_8c_a6c56919498b51f760e7d9a74c3590fdd_cgraph.png"'
error: Problems running dot: exit code=-1, command='dot', arguments='"E:/Project/durkMD/doxygen/latex/dump_8h_ac5a9d21fe628ec962ea287659d69701c_cgraph.dot" -Tpdf -o "E:/Project/durkMD/doxygen/latex/dump_8h_ac5a9d21fe628ec962ea287659d69701c_cgraph.pdf"'
error: Problems running dot: exit code=-1, command='dot', arguments='"E:/Project/durkMD/doxygen/latex/fix_8c__incl.dot" -Tpdf -o "E:/Project/durkMD/doxygen/latex/fix_8c__incl.pdf"'
error: Problems running dot: exit code=-1, command='dot', arguments='"E:/Project/durkMD/doxygen/latex/fix_8c_a6c56919498b51f760e7d9a74c3590fdd_cgraph.dot" -Tpdf -o "E:/Project/durkMD/doxygen/latex/fix_8c_a6c56919498b51f760e7d9a74c3590fdd_cgraph.pdf"'
error: Problems running dot: exit code=-1, command='dot', arguments='"E:/Project/durkMD/doxygen/html/dump_8h__dep__incl.dot" -Tpng -o "E:/Project/durkMD/doxygen/html/dump_8h__dep__incl.png"'
error: Problems running dot: exit code=-1, command='dot', arguments='"E:/Project/durkMD/doxygen/latex/fix_8h__incl.dot" -Tpdf -o "E:/Project/durkMD/doxygen/latex/fix_8h__incl.pdf"'
error: Problems running dot: exit code=-1, command='dot', arguments='"E:/Project/durkMD/doxygen/latex/fix_8h__dep__incl.dot" -Tpdf -o "E:/Project/durkMD/doxygen/latex/fix_8h__dep__incl.pdf"'
error: Problems running dot: exit code=-1, command='dot', arguments='"E:/Project/durkMD/doxygen/html/fix_8h__incl.dot" -Tpng -o "E:/Project/durkMD/doxygen/html/fix_8h__incl.png"'
error: Problems running dot: exit code=-1, command='dot', arguments='"E:/Project/durkMD/doxygen/html/fix_8h__dep__incl.dot" -Tpng -o "E:/Project/durkMD/doxygen/html/fix_8h__dep__incl.png"'
error: Problems running dot: exit code=-1, command='dot', arguments='"E:/Project/durkMD/doxygen/html/fix_8h_a6c56919498b51f760e7d9a74c3590fdd_cgraph.dot" -Tpng -o "E:/Project/durkMD/doxygen/html/fix_8h_a6c56919498b51f760e7d9a74c3590fdd_cgraph.png"'
error: Problems running dot: exit code=-1, command='dot', arguments='"E:/Project/durkMD/doxygen/html/iniparser_8h__dep__incl.dot" -Tpng -o "E:/Project/durkMD/doxygen/html/iniparser_8h__dep__incl.png"'
error: Problems running dot: exit code=-1, command='dot', arguments='"E:/Project/durkMD/doxygen/latex/iniparser_8h__dep__incl.dot" -Tpdf -o "E:/Project/durkMD/doxygen/latex/iniparser_8h__dep__incl.pdf"'
error: Problems running dot: exit code=-1, command='dot', arguments='"E:/Project/durkMD/doxygen/latex/fix_8h_a6c56919498b51f760e7d9a74c3590fdd_cgraph.dot" -Tpdf -o "E:/Project/durkMD/doxygen/latex/fix_8h_a6c56919498b51f760e7d9a74c3590fdd_cgraph.pdf"'
error: Problems running dot: exit code=-1, command='dot', arguments='"E:/Project/durkMD/doxygen/html/init_8c__incl.dot" -Tpng -o "E:/Project/durkMD/doxygen/html/init_8c__incl.png"'
error: Problems running dot: exit code=-1, command='dot', arguments='"E:/Project/durkMD/doxygen/latex/leapfrog_8c__incl.dot" -Tpdf -o "E:/Project/durkMD/doxygen/latex/leapfrog_8c__incl.pdf"'
error: Problems running dot: exit code=-1, command='dot', arguments='"E:/Project/durkMD/doxygen/html/leapfrog_8c_a8c2556b181eabea04748d1b20e441f12_cgraph.dot" -Tpng -o "E:/Project/durkMD/doxygen/html/leapfrog_8c_a8c2556b181eabea04748d1b20e441f12_cgraph.png"'
error: Problems running dot: exit code=-1, command='dot', arguments='"E:/Project/durkMD/doxygen/latex/leapfrog_8c_a8c2556b181eabea04748d1b20e441f12_cgraph.dot" -Tpdf -o "E:/Project/durkMD/doxygen/latex/leapfrog_8c_a8c2556b181eabea04748d1b20e441f12_cgraph.pdf"'
error: Problems running dot: exit code=-1, command='dot', arguments='"E:/Project/durkMD/doxygen/latex/init_8c__incl.dot" -Tpdf -o "E:/Project/durkMD/doxygen/latex/init_8c__incl.pdf"'
error: Problems running dot: exit code=-1, command='dot', arguments='"E:/Project/durkMD/doxygen/latex/leapfrog_8h__incl.dot" -Tpdf -o "E:/Project/durkMD/doxygen/latex/leapfrog_8h__incl.pdf"'
error: Problems running dot: exit code=-1, command='dot', arguments='"E:/Project/durkMD/doxygen/html/leapfrog_8h__incl.dot" -Tpng -o "E:/Project/durkMD/doxygen/html/leapfrog_8h__incl.png"'
error: Problems running dot: exit code=-1, command='dot', arguments='"E:/Project/durkMD/doxygen/html/leapfrog_8h_a8c2556b181eabea04748d1b20e441f12_cgraph.dot" -Tpng -o "E:/Project/durkMD/doxygen/html/leapfrog_8h_a8c2556b181eabea04748d1b20e441f12_cgraph.png"'
error: Problems running dot: exit code=-1, command='dot', arguments='"E:/Project/durkMD/doxygen/html/leapfrog_8c__incl.dot" -Tpng -o "E:/Project/durkMD/doxygen/html/leapfrog_8c__incl.png"'
error: Problems running dot: exit code=-1, command='dot', arguments='"E:/Project/durkMD/doxygen/latex/leapfrog_8h_a8c2556b181eabea04748d1b20e441f12_cgraph.dot" -Tpdf -o "E:/Project/durkMD/doxygen/latex/leapfrog_8h_a8c2556b181eabea04748d1b20e441f12_cgraph.pdf"'
error: Problems running dot: exit code=-1, command='dot', arguments='"E:/Project/durkMD/doxygen/html/log_8c_a77b29ce4dcc3e3670bc20d4448f03123_cgraph.dot" -Tpng -o "E:/Project/durkMD/doxygen/html/log_8c_a77b29ce4dcc3e3670bc20d4448f03123_cgraph.png"'
error: Problems running dot: exit code=-1, command='dot', arguments='"E:/Project/durkMD/doxygen/latex/log_8c_a77b29ce4dcc3e3670bc20d4448f03123_cgraph.dot" -Tpdf -o "E:/Project/durkMD/doxygen/latex/log_8c_a77b29ce4dcc3e3670bc20d4448f03123_cgraph.pdf"'
error: Problems running dot: exit code=-1, command='dot', arguments='"E:/Project/durkMD/doxygen/latex/log_8c_a7c2611ed576ddfc24d2a5af9a8a8126b_cgraph.dot" -Tpdf -o "E:/Project/durkMD/doxygen/latex/log_8c_a7c2611ed576ddfc24d2a5af9a8a8126b_cgraph.pdf"'
error: Problems running dot: exit code=-1, command='dot', arguments='"E:/Project/durkMD/doxygen/html/log_8h__dep__incl.dot" -Tpng -o "E:/Project/durkMD/doxygen/html/log_8h__dep__incl.png"'
error: Problems running dot: exit code=-1, command='dot', arguments='"E:/Project/durkMD/doxygen/html/log_8c_ab27db41b5a9f0101b8216355919ccdd6_cgraph.dot" -Tpng -o "E:/Project/durkMD/doxygen/html/log_8c_ab27db41b5a9f0101b8216355919ccdd6_cgraph.png"'
error: Problems running dot: exit code=-1, command='dot', arguments='"E:/Project/durkMD/doxygen/latex/log_8c_ab27db41b5a9f0101b8216355919ccdd6_cgraph.dot" -Tpdf -o "E:/Project/durkMD/doxygen/latex/log_8c_ab27db41b5a9f0101b8216355919ccdd6_cgraph.pdf"'
error: Problems running dot: exit code=-1, command='dot', arguments='"E:/Project/durkMD/doxygen/latex/log_8h__dep__incl.dot" -Tpdf -o "E:/Project/durkMD/doxygen/latex/log_8h__dep__incl.pdf"'
error: Problems running dot: exit code=-1, command='dot', arguments='"E:/Project/durkMD/doxygen/html/log_8c_a7c2611ed576ddfc24d2a5af9a8a8126b_cgraph.dot" -Tpng -o "E:/Project/durkMD/doxygen/html/log_8c_a7c2611ed576ddfc24d2a5af9a8a8126b_cgraph.png"'
error: Problems running dot: exit code=-1, command='dot', arguments='"E:/Project/durkMD/doxygen/latex/log_8h_a7c2611ed576ddfc24d2a5af9a8a8126b_cgraph.dot" -Tpdf -o "E:/Project/durkMD/doxygen/latex/log_8h_a7c2611ed576ddfc24d2a5af9a8a8126b_cgraph.pdf"'
error: Problems running dot: exit code=-1, command='dot', arguments='"E:/Project/durkMD/doxygen/html/log_8h_a77b29ce4dcc3e3670bc20d4448f03123_cgraph.dot" -Tpng -o "E:/Project/durkMD/doxygen/html/log_8h_a77b29ce4dcc3e3670bc20d4448f03123_cgraph.png"'
error: Problems running dot: exit code=-1, command='dot', arguments='"E:/Project/durkMD/doxygen/latex/log_8h_a77b29ce4dcc3e3670bc20d4448f03123_cgraph.dot" -Tpdf -o "E:/Project/durkMD/doxygen/latex/log_8h_a77b29ce4dcc3e3670bc20d4448f03123_cgraph.pdf"'
error: Problems running dot: exit code=-1, command='dot', arguments='"E:/Project/durkMD/doxygen/html/log_8h_a7c2611ed576ddfc24d2a5af9a8a8126b_cgraph.dot" -Tpng -o "E:/Project/durkMD/doxygen/html/log_8h_a7c2611ed576ddfc24d2a5af9a8a8126b_cgraph.png"'
error: Problems running dot: exit code=-1, command='dot', arguments='"E:/Project/durkMD/doxygen/html/log_8h_ab27db41b5a9f0101b8216355919ccdd6_cgraph.dot" -Tpng -o "E:/Project/durkMD/doxygen/html/log_8h_ab27db41b5a9f0101b8216355919ccdd6_cgraph.png"'
error: Problems running dot: exit code=-1, command='dot', arguments='"E:/Project/durkMD/doxygen/latex/log_8h_ab27db41b5a9f0101b8216355919ccdd6_cgraph.dot" -Tpdf -o "E:/Project/durkMD/doxygen/latex/log_8h_ab27db41b5a9f0101b8216355919ccdd6_cgraph.pdf"'
error: Problems running dot: exit code=-1, command='dot', arguments='"E:/Project/durkMD/doxygen/html/main_8c_a0ddf1224851353fc92bfbff6f499fa97_cgraph.dot" -Tpng -o "E:/Project/durkMD/doxygen/html/main_8c_a0ddf1224851353fc92bfbff6f499fa97_cgraph.png"'
error: Problems running dot: exit code=-1, command='dot', arguments='"E:/Project/durkMD/doxygen/latex/main_8c_a0ddf1224851353fc92bfbff6f499fa97_cgraph.dot" -Tpdf -o "E:/Project/durkMD/doxygen/latex/main_8c_a0ddf1224851353fc92bfbff6f499fa97_cgraph.pdf"'
error: Problems running dot: exit code=-1, command='dot', arguments='"E:/Project/durkMD/doxygen/html/main_8c__incl.dot" -Tpng -o "E:/Project/durkMD/doxygen/html/main_8c__incl.png"'
error: Problems running dot: exit code=-1, command='dot', arguments='"E:/Project/durkMD/doxygen/latex/main_8c__incl.dot" -Tpdf -o "E:/Project/durkMD/doxygen/latex/main_8c__incl.pdf"'
error: Problems running dot: exit code=-1, command='dot', arguments='"E:/Project/durkMD/doxygen/html/out_8h__dep__incl.dot" -Tpng -o "E:/Project/durkMD/doxygen/html/out_8h__dep__incl.png"'
error: Problems running dot: exit code=-1, command='dot', arguments='"E:/Project/durkMD/doxygen/html/pair_8c_af6d80627dcaa387b1af1c1ec0ed9384a_cgraph.dot" -Tpng -o "E:/Project/durkMD/doxygen/html/pair_8c_af6d80627dcaa387b1af1c1ec0ed9384a_cgraph.png"'
error: Problems running dot: exit code=-1, command='dot', arguments='"E:/Project/durkMD/doxygen/html/pair_8h__dep__incl.dot" -Tpng -o "E:/Project/durkMD/doxygen/html/pair_8h__dep__incl.png"'
error: Problems running dot: exit code=-1, command='dot', arguments='"E:/Project/durkMD/doxygen/latex/out_8h__dep__incl.dot" -Tpdf -o "E:/Project/durkMD/doxygen/latex/out_8h__dep__incl.pdf"'
error: Problems running dot: exit code=-1, command='dot', arguments='"E:/Project/durkMD/doxygen/latex/pair_8c_af6d80627dcaa387b1af1c1ec0ed9384a_cgraph.dot" -Tpdf -o "E:/Project/durkMD/doxygen/latex/pair_8c_af6d80627dcaa387b1af1c1ec0ed9384a_cgraph.pdf"'
error: Problems running dot: exit code=-1, command='dot', arguments='"E:/Project/durkMD/doxygen/html/rdf_8c_a8ff82a2c5316b86558e24dfea648a063_cgraph.dot" -Tpng -o "E:/Project/durkMD/doxygen/html/rdf_8c_a8ff82a2c5316b86558e24dfea648a063_cgraph.png"'
error: Problems running dot: exit code=-1, command='dot', arguments='"E:/Project/durkMD/doxygen/html/pair_8h_af6d80627dcaa387b1af1c1ec0ed9384a_cgraph.dot" -Tpng -o "E:/Project/durkMD/doxygen/html/pair_8h_af6d80627dcaa387b1af1c1ec0ed9384a_cgraph.png"'
error: Problems running dot: exit code=-1, command='dot', arguments='"E:/Project/durkMD/doxygen/latex/pair_8h__dep__incl.dot" -Tpdf -o "E:/Project/durkMD/doxygen/latex/pair_8h__dep__incl.pdf"'
error: Problems running dot: exit code=-1, command='dot', arguments='"E:/Project/durkMD/doxygen/latex/pair_8h_af6d80627dcaa387b1af1c1ec0ed9384a_cgraph.dot" -Tpdf -o "E:/Project/durkMD/doxygen/latex/pair_8h_af6d80627dcaa387b1af1c1ec0ed9384a_cgraph.pdf"'
error: Problems running dot: exit code=-1, command='dot', arguments='"E:/Project/durkMD/doxygen/html/rdf_8h_a8ff82a2c5316b86558e24dfea648a063_cgraph.dot" -Tpng -o "E:/Project/durkMD/doxygen/html/rdf_8h_a8ff82a2c5316b86558e24dfea648a063_cgraph.png"'
error: Problems running dot: exit code=-1, command='dot', arguments='"E:/Project/durkMD/doxygen/latex/rdf_8c_a8ff82a2c5316b86558e24dfea648a063_cgraph.dot" -Tpdf -o "E:/Project/durkMD/doxygen/latex/rdf_8c_a8ff82a2c5316b86558e24dfea648a063_cgraph.pdf"'
error: Problems running dot: exit code=-1, command='dot', arguments='"E:/Project/durkMD/doxygen/latex/rdf_8h__dep__incl.dot" -Tpdf -o "E:/Project/durkMD/doxygen/latex/rdf_8h__dep__incl.pdf"'
error: Problems running dot: exit code=-1, command='dot', arguments='"E:/Project/durkMD/doxygen/html/rdf_8h__dep__incl.dot" -Tpng -o "E:/Project/durkMD/doxygen/html/rdf_8h__dep__incl.png"'
error: Problems running dot: exit code=-1, command='dot', arguments='"E:/Project/durkMD/doxygen/latex/rdf_8h_a8ff82a2c5316b86558e24dfea648a063_cgraph.dot" -Tpdf -o "E:/Project/durkMD/doxygen/latex/rdf_8h_a8ff82a2c5316b86558e24dfea648a063_cgraph.pdf"'
error: Problems running dot: exit code=-1, command='dot', arguments='"E:/Project/durkMD/doxygen/html/struct_8c_a1edca7cb59e5bc3a05dd8d341fad3e46_cgraph.dot" -Tpng -o "E:/Project/durkMD/doxygen/html/struct_8c_a1edca7cb59e5bc3a05dd8d341fad3e46_cgraph.png"'
error: Problems running dot: exit code=-1, command='dot', arguments='"E:/Project/durkMD/doxygen/latex/struct_8c_a2098dfd125513aabf746715d1658b2b4_cgraph.dot" -Tpdf -o "E:/Project/durkMD/doxygen/latex/struct_8c_a2098dfd125513aabf746715d1658b2b4_cgraph.pdf"'
error: Problems running dot: exit code=-1, command='dot', arguments='"E:/Project/durkMD/doxygen/latex/struct_8c_a1edca7cb59e5bc3a05dd8d341fad3e46_cgraph.dot" -Tpdf -o "E:/Project/durkMD/doxygen/latex/struct_8c_a1edca7cb59e5bc3a05dd8d341fad3e46_cgraph.pdf"'
error: Problems running dot: exit code=-1, command='dot', arguments='"E:/Project/durkMD/doxygen/html/struct_8c_a2098dfd125513aabf746715d1658b2b4_cgraph.dot" -Tpng -o "E:/Project/durkMD/doxygen/html/struct_8c_a2098dfd125513aabf746715d1658b2b4_cgraph.png"'
error: Problems running dot: exit code=-1, command='dot', arguments='"E:/Project/durkMD/doxygen/html/struct_8h__dep__incl.dot" -Tpng -o "E:/Project/durkMD/doxygen/html/struct_8h__dep__incl.png"'
error: Problems running dot: exit code=-1, command='dot', arguments='"E:/Project/durkMD/doxygen/html/struct_8c_abbf7a349f75a5ed6ea0b36dd656b08f2_cgraph.dot" -Tpng -o "E:/Project/durkMD/doxygen/html/struct_8c_abbf7a349f75a5ed6ea0b36dd656b08f2_cgraph.png"'
error: Problems running dot: exit code=-1, command='dot', arguments='"E:/Project/durkMD/doxygen/latex/struct_8h__dep__incl.dot" -Tpdf -o "E:/Project/durkMD/doxygen/latex/struct_8h__dep__incl.pdf"'
error: Problems running dot: exit code=-1, command='dot', arguments='"E:/Project/durkMD/doxygen/latex/struct_8c_abbf7a349f75a5ed6ea0b36dd656b08f2_cgraph.dot" -Tpdf -o "E:/Project/durkMD/doxygen/latex/struct_8c_abbf7a349f75a5ed6ea0b36dd656b08f2_cgraph.pdf"'
error: Problems running dot: exit code=-1, command='dot', arguments='"E:/Project/durkMD/doxygen/html/struct_8h_a1edca7cb59e5bc3a05dd8d341fad3e46_cgraph.dot" -Tpng -o "E:/Project/durkMD/doxygen/html/struct_8h_a1edca7cb59e5bc3a05dd8d341fad3e46_cgraph.png"'
error: Problems running dot: exit code=-1, command='dot', arguments='"E:/Project/durkMD/doxygen/html/struct_8h_abbf7a349f75a5ed6ea0b36dd656b08f2_cgraph.dot" -Tpng -o "E:/Project/durkMD/doxygen/html/struct_8h_abbf7a349f75a5ed6ea0b36dd656b08f2_cgraph.png"'
error: Problems running dot: exit code=-1, command='dot', arguments='"E:/Project/durkMD/doxygen/latex/struct_8h_a1edca7cb59e5bc3a05dd8d341fad3e46_cgraph.dot" -Tpdf -o "E:/Project/durkMD/doxygen/latex/struct_8h_a1edca7cb59e5bc3a05dd8d341fad3e46_cgraph.pdf"'
error: Problems running dot: exit code=-1, command='dot', arguments='"E:/Project/durkMD/doxygen/html/struct_8h_a2098dfd125513aabf746715d1658b2b4_cgraph.dot" -Tpng -o "E:/Project/durkMD/doxygen/html/struct_8h_a2098dfd125513aabf746715d1658b2b4_cgraph.png"'
error: Problems running dot: exit code=-1, command='dot', arguments='"E:/Project/durkMD/doxygen/latex/struct_8h_a2098dfd125513aabf746715d1658b2b4_cgraph.dot" -Tpdf -o "E:/Project/durkMD/doxygen/latex/struct_8h_a2098dfd125513aabf746715d1658b2b4_cgraph.pdf"'
error: Problems running dot: exit code=-1, command='dot', arguments='"E:/Project/durkMD/doxygen/latex/struct_8h_abbf7a349f75a5ed6ea0b36dd656b08f2_cgraph.dot" -Tpdf -o "E:/Project/durkMD/doxygen/latex/struct_8h_abbf7a349f75a5ed6ea0b36dd656b08f2_cgraph.pdf"'
error: Problems running dot: exit code=-1, command='dot', arguments='"E:/Project/durkMD/doxygen/latex/thermostat_8c__incl.dot" -Tpdf -o "E:/Project/durkMD/doxygen/latex/thermostat_8c__incl.pdf"'
error: Problems running dot: exit code=-1, command='dot', arguments='"E:/Project/durkMD/doxygen/html/thermostat_8c__incl.dot" -Tpng -o "E:/Project/durkMD/doxygen/html/thermostat_8c__incl.png"'
error: Problems running dot: exit code=-1, command='dot', arguments='"E:/Project/durkMD/doxygen/html/thermostat_8h__incl.dot" -Tpng -o "E:/Project/durkMD/doxygen/html/thermostat_8h__incl.png"'
error: Problems running dot: exit code=-1, command='dot', arguments='"E:/Project/durkMD/doxygen/html/thermostat_8h__dep__incl.dot" -Tpng -o "E:/Project/durkMD/doxygen/html/thermostat_8h__dep__incl.png"'
error: Problems running dot: exit code=-1, command='dot', arguments='"E:/Project/durkMD/doxygen/latex/thermostat_8h__incl.dot" -Tpdf -o "E:/Project/durkMD/doxygen/latex/thermostat_8h__incl.pdf"'
error: Problems running dot: exit code=-1, command='dot', arguments='"E:/Project/durkMD/doxygen/html/thermostat_8c_af123f3443ee2054416e5a9fc2b37035a_cgraph.dot" -Tpng -o "E:/Project/durkMD/doxygen/html/thermostat_8c_af123f3443ee2054416e5a9fc2b37035a_cgraph.png"'
error: Problems running dot: exit code=-1, command='dot', arguments='"E:/Project/durkMD/doxygen/latex/thermostat_8c_af123f3443ee2054416e5a9fc2b37035a_cgraph.dot" -Tpdf -o "E:/Project/durkMD/doxygen/latex/thermostat_8c_af123f3443ee2054416e5a9fc2b37035a_cgraph.pdf"'
error: Problems running dot: exit code=-1, command='dot', arguments='"E:/Project/durkMD/doxygen/latex/thermostat_8h__dep__incl.dot" -Tpdf -o "E:/Project/durkMD/doxygen/latex/thermostat_8h__dep__incl.pdf"'
error: Problems running dot: exit code=-1, command='dot', arguments='"E:/Project/durkMD/doxygen/latex/thermostat_8h_af123f3443ee2054416e5a9fc2b37035a_cgraph.dot" -Tpdf -o "E:/Project/durkMD/doxygen/latex/thermostat_8h_af123f3443ee2054416e5a9fc2b37035a_cgraph.pdf"'
error: Problems running dot: exit code=-1, command='dot', arguments='"E:/Project/durkMD/doxygen/html/thermostat_8h_af123f3443ee2054416e5a9fc2b37035a_cgraph.dot" -Tpng -o "E:/Project/durkMD/doxygen/html/thermostat_8h_af123f3443ee2054416e5a9fc2b37035a_cgraph.png"'
error: Problems running dot: exit code=-1, command='dot', arguments='"E:/Project/durkMD/doxygen/html/verlet_8c__incl.dot" -Tpng -o "E:/Project/durkMD/doxygen/html/verlet_8c__incl.png"'
error: Problems running dot: exit code=-1, command='dot', arguments='"E:/Project/durkMD/doxygen/latex/verlet_8c__incl.dot" -Tpdf -o "E:/Project/durkMD/doxygen/latex/verlet_8c__incl.pdf"'
error: Problems running dot: exit code=-1, command='dot', arguments='"E:/Project/durkMD/doxygen/html/verlet_8c_a4bd7c65a9a0128eaea732304cba600db_cgraph.dot" -Tpng -o "E:/Project/durkMD/doxygen/html/verlet_8c_a4bd7c65a9a0128eaea732304cba600db_cgraph.png"'
error: Problems running dot: exit code=-1, command='dot', arguments='"E:/Project/durkMD/doxygen/html/verlet_8h__incl.dot" -Tpng -o "E:/Project/durkMD/doxygen/html/verlet_8h__incl.png"'
error: Problems running dot: exit code=-1, command='dot', arguments='"E:/Project/durkMD/doxygen/latex/verlet_8c_a4bd7c65a9a0128eaea732304cba600db_cgraph.dot" -Tpdf -o "E:/Project/durkMD/doxygen/latex/verlet_8c_a4bd7c65a9a0128eaea732304cba600db_cgraph.pdf"'
error: Problems running dot: exit code=-1, command='dot', arguments='"E:/Project/durkMD/doxygen/latex/verlet_8h_a4bd7c65a9a0128eaea732304cba600db_cgraph.dot" -Tpdf -o "E:/Project/durkMD/doxygen/latex/verlet_8h_a4bd7c65a9a0128eaea732304cba600db_cgraph.pdf"'
error: Problems running dot: exit code=-1, command='dot', arguments='"E:/Project/durkMD/doxygen/html/verlet_8h_a4bd7c65a9a0128eaea732304cba600db_cgraph.dot" -Tpng -o "E:/Project/durkMD/doxygen/html/verlet_8h_a4bd7c65a9a0128eaea732304cba600db_cgraph.png"'
error: Problems running dot: exit code=-1, command='dot', arguments='"E:/Project/durkMD/doxygen/latex/verlet_8h__incl.dot" -Tpdf -o "E:/Project/durkMD/doxygen/latex/verlet_8h__incl.pdf"'
error: Problems running dot: exit code=-1, command='dot', arguments='"E:/Project/durkMD/doxygen/latex/dir_e10d8d1736f2f8a793a6d4fd13649885_dep.dot" -Tpdf -o "E:/Project/durkMD/doxygen/latex/dir_e10d8d1736f2f8a793a6d4fd13649885_dep.pdf"'
error: Problems running dot: exit code=-1, command='dot', arguments='"E:/Project/durkMD/doxygen/html/dir_e10d8d1736f2f8a793a6d4fd13649885_dep.dot" -Tpng -o "E:/Project/durkMD/doxygen/html/dir_e10d8d1736f2f8a793a6d4fd13649885_dep.png"'
error: Problems running dot: exit code=-1, command='dot', arguments='"E:/Project/durkMD/doxygen/html/dir_68267d1309a1af8e8297ef4c3efbcdba_dep.dot" -Tpng -o "E:/Project/durkMD/doxygen/html/dir_68267d1309a1af8e8297ef4c3efbcdba_dep.png"'
error: Problems running dot: exit code=-1, command='dot', arguments='"E:/Project/durkMD/doxygen/html/structt__p_sys__coll__graph.dot" -Tpng -o "E:/Project/durkMD/doxygen/html/structt__p_sys__coll__graph.png"'
error: Problems running dot: exit code=-1, command='dot', arguments='"E:/Project/durkMD/doxygen/latex/structt__p_sys__coll__graph.dot" -Tpdf -o "E:/Project/durkMD/doxygen/latex/structt__p_sys__coll__graph.pdf"'
error: Problems running dot: exit code=-1, command='dot', arguments='"E:/Project/durkMD/doxygen/latex/dir_68267d1309a1af8e8297ef4c3efbcdba_dep.dot" -Tpdf -o "E:/Project/durkMD/doxygen/latex/dir_68267d1309a1af8e8297ef4c3efbcdba_dep.pdf"'
error: Failed to rename file E:/Project/durkMD/doxygen/latex/compute_8c.tex to E:/Project/durkMD/doxygen/latex/compute_8c.tex.tmp!
